12:05:40 [background-preinit] INFO    --- o.h.v.i.u.Version - HV000001: Hibernate Validator 6.2.2.Final
12:05:40 [main] INFO    --- g.c.e.G.GiraProjectApplication - Starting GiraProjectApplication using Java 11.0.12 on DESKTOP-FBCS80O with PID 13596 (C:\Users\trunghau\OneDrive\Desktop\gira\Gira-project\target\classes started by trunghau in C:\Users\trunghau\OneDrive\Desktop\gira\Gira-project)
12:05:40 [main] INFO    --- g.c.e.G.GiraProjectApplication - No active profile set, falling back to 1 default profile: "default"
12:05:44 [main] INFO    --- o.s.d.r.c.RepositoryConfigurationDelegate - Bootstrapping Spring Data JPA repositories in DEFAULT mode.
12:05:44 [main] INFO    --- o.s.d.r.c.RepositoryConfigurationDelegate - Finished Spring Data repository scanning in 28 ms. Found 0 JPA repository interfaces.
12:05:47 [main] INFO    --- o.s.b.w.e.t.TomcatWebServer - Tomcat initialized with port(s): 8080 (http)
12:05:47 [main] INFO    --- o.a.c.h.Http11NioProtocol - Initializing ProtocolHandler ["http-nio-8080"]
12:05:47 [main] INFO    --- o.a.c.c.StandardService - Starting service [Tomcat]
12:05:47 [main] INFO    --- o.a.c.c.StandardEngine - Starting Servlet engine: [Apache Tomcat/9.0.58]
12:05:47 [main] INFO    --- o.a.c.c.C.[.[.[/] - Initializing Spring embedded WebApplicationContext
12:05:47 [main] INFO    --- o.s.b.w.s.c.ServletWebServerApplicationContext - Root WebApplicationContext: initialization completed in 6611 ms
12:05:47 [main] ERROR   --- o.s.b.w.e.t.TomcatStarter - Error starting Tomcat context. Exception: org.springframework.beans.factory.UnsatisfiedDependencyException. Message: Error creating bean with name 'jwtAuthorizationFilter': Unsatisfied dependency expressed through field 'helper'; nested exception is org.springframework.beans.factory.BeanCreationException: Error creating bean with name 'jwtHelper' defined in file [C:\Users\trunghau\OneDrive\Desktop\gira\Gira-project\target\classes\gira\com\example\Giraproject\security\jwt\JwtHelper.class]: Instantiation of bean failed; nested exception is org.springframework.beans.BeanInstantiationException: Failed to instantiate [gira.com.example.Giraproject.security.jwt.JwtHelper]: Constructor threw exception; nested exception is java.lang.NullPointerException
12:05:47 [main] INFO    --- o.a.c.c.StandardService - Stopping service [Tomcat]
12:05:47 [main] WARN    --- o.s.b.w.s.c.AnnotationConfigServletWebServerApplicationContext - Exception encountered during context initialization - cancelling refresh attempt: org.springframework.context.ApplicationContextException: Unable to start web server; nested exception is org.springframework.boot.web.server.WebServerException: Unable to start embedded Tomcat
12:05:47 [main] INFO    --- o.s.b.a.l.ConditionEvaluationReportLoggingListener - 

Error starting ApplicationContext. To display the conditions report re-run your application with 'debug' enabled.
12:05:47 [main] ERROR   --- o.s.b.SpringApplication - Application run failed
org.springframework.context.ApplicationContextException: Unable to start web server; nested exception is org.springframework.boot.web.server.WebServerException: Unable to start embedded Tomcat
	at org.springframework.boot.web.servlet.context.ServletWebServerApplicationContext.onRefresh(ServletWebServerApplicationContext.java:163) ~[spring-boot-2.5.10.jar:2.5.10]
	at org.springframework.context.support.AbstractApplicationContext.refresh(AbstractApplicationContext.java:577) ~[spring-context-5.3.16.jar:5.3.16]
	at org.springframework.boot.web.servlet.context.ServletWebServerApplicationContext.refresh(ServletWebServerApplicationContext.java:145) ~[spring-boot-2.5.10.jar:2.5.10]
	at org.springframework.boot.SpringApplication.refresh(SpringApplication.java:775) [spring-boot-2.5.10.jar:2.5.10]
	at org.springframework.boot.SpringApplication.refreshContext(SpringApplication.java:448) [spring-boot-2.5.10.jar:2.5.10]
	at org.springframework.boot.SpringApplication.run(SpringApplication.java:339) [spring-boot-2.5.10.jar:2.5.10]
	at org.springframework.boot.SpringApplication.run(SpringApplication.java:1365) [spring-boot-2.5.10.jar:2.5.10]
	at org.springframework.boot.SpringApplication.run(SpringApplication.java:1354) [spring-boot-2.5.10.jar:2.5.10]
	at gira.com.example.Giraproject.GiraProjectApplication.main(GiraProjectApplication.java:10) [classes/:?]
Caused by: org.springframework.boot.web.server.WebServerException: Unable to start embedded Tomcat
	at org.springframework.boot.web.embedded.tomcat.TomcatWebServer.initialize(TomcatWebServer.java:142) ~[spring-boot-2.5.10.jar:2.5.10]
	at org.springframework.boot.web.embedded.tomcat.TomcatWebServer.<init>(TomcatWebServer.java:104) ~[spring-boot-2.5.10.jar:2.5.10]
	at org.springframework.boot.web.embedded.tomcat.TomcatServletWebServerFactory.getTomcatWebServer(TomcatServletWebServerFactory.java:455) ~[spring-boot-2.5.10.jar:2.5.10]
	at org.springframework.boot.web.embedded.tomcat.TomcatServletWebServerFactory.getWebServer(TomcatServletWebServerFactory.java:204) ~[spring-boot-2.5.10.jar:2.5.10]
	at org.springframework.boot.web.servlet.context.ServletWebServerApplicationContext.createWebServer(ServletWebServerApplicationContext.java:182) ~[spring-boot-2.5.10.jar:2.5.10]
	at org.springframework.boot.web.servlet.context.ServletWebServerApplicationContext.onRefresh(ServletWebServerApplicationContext.java:160) ~[spring-boot-2.5.10.jar:2.5.10]
	... 8 more
Caused by: org.springframework.beans.factory.UnsatisfiedDependencyException: Error creating bean with name 'jwtAuthorizationFilter': Unsatisfied dependency expressed through field 'helper'; nested exception is org.springframework.beans.factory.BeanCreationException: Error creating bean with name 'jwtHelper' defined in file [C:\Users\trunghau\OneDrive\Desktop\gira\Gira-project\target\classes\gira\com\example\Giraproject\security\jwt\JwtHelper.class]: Instantiation of bean failed; nested exception is org.springframework.beans.BeanInstantiationException: Failed to instantiate [gira.com.example.Giraproject.security.jwt.JwtHelper]: Constructor threw exception; nested exception is java.lang.NullPointerException
	at org.springframework.beans.factory.annotation.AutowiredAnnotationBeanPostProcessor$AutowiredFieldElement.resolveFieldValue(AutowiredAnnotationBeanPostProcessor.java:659) ~[spring-beans-5.3.16.jar:5.3.16]
	at org.springframework.beans.factory.annotation.AutowiredAnnotationBeanPostProcessor$AutowiredFieldElement.inject(AutowiredAnnotationBeanPostProcessor.java:639) ~[spring-beans-5.3.16.jar:5.3.16]
	at org.springframework.beans.factory.annotation.InjectionMetadata.inject(InjectionMetadata.java:119) ~[spring-beans-5.3.16.jar:5.3.16]
	at org.springframework.beans.factory.annotation.AutowiredAnnotationBeanPostProcessor.postProcessProperties(AutowiredAnnotationBeanPostProcessor.java:399) ~[spring-beans-5.3.16.jar:5.3.16]
	at org.springframework.beans.factory.support.AbstractAutowireCapableBeanFactory.populateBean(AbstractAutowireCapableBeanFactory.java:1431) ~[spring-beans-5.3.16.jar:5.3.16]
	at org.springframework.beans.factory.support.AbstractAutowireCapableBeanFactory.doCreateBean(AbstractAutowireCapableBeanFactory.java:619) ~[spring-beans-5.3.16.jar:5.3.16]
	at org.springframework.beans.factory.support.AbstractAutowireCapableBeanFactory.createBean(AbstractAutowireCapableBeanFactory.java:542) ~[spring-beans-5.3.16.jar:5.3.16]
	at org.springframework.beans.factory.support.AbstractBeanFactory.lambda$doGetBean$0(AbstractBeanFactory.java:335) ~[spring-beans-5.3.16.jar:5.3.16]
	at org.springframework.beans.factory.support.DefaultSingletonBeanRegistry.getSingleton(DefaultSingletonBeanRegistry.java:234) ~[spring-beans-5.3.16.jar:5.3.16]
	at org.springframework.beans.factory.support.AbstractBeanFactory.doGetBean(AbstractBeanFactory.java:333) ~[spring-beans-5.3.16.jar:5.3.16]
	at org.springframework.beans.factory.support.AbstractBeanFactory.getBean(AbstractBeanFactory.java:213) ~[spring-beans-5.3.16.jar:5.3.16]
	at org.springframework.boot.web.servlet.ServletContextInitializerBeans.getOrderedBeansOfType(ServletContextInitializerBeans.java:212) ~[spring-boot-2.5.10.jar:2.5.10]
	at org.springframework.boot.web.servlet.ServletContextInitializerBeans.addAsRegistrationBean(ServletContextInitializerBeans.java:175) ~[spring-boot-2.5.10.jar:2.5.10]
	at org.springframework.boot.web.servlet.ServletContextInitializerBeans.addAsRegistrationBean(ServletContextInitializerBeans.java:170) ~[spring-boot-2.5.10.jar:2.5.10]
	at org.springframework.boot.web.servlet.ServletContextInitializerBeans.addAdaptableBeans(ServletContextInitializerBeans.java:155) ~[spring-boot-2.5.10.jar:2.5.10]
	at org.springframework.boot.web.servlet.ServletContextInitializerBeans.<init>(ServletContextInitializerBeans.java:87) ~[spring-boot-2.5.10.jar:2.5.10]
	at org.springframework.boot.web.servlet.context.ServletWebServerApplicationContext.getServletContextInitializerBeans(ServletWebServerApplicationContext.java:260) ~[spring-boot-2.5.10.jar:2.5.10]
	at org.springframework.boot.web.servlet.context.ServletWebServerApplicationContext.selfInitialize(ServletWebServerApplicationContext.java:234) ~[spring-boot-2.5.10.jar:2.5.10]
	at org.springframework.boot.web.embedded.tomcat.TomcatStarter.onStartup(TomcatStarter.java:53) ~[spring-boot-2.5.10.jar:2.5.10]
	at org.apache.catalina.core.StandardContext.startInternal(StandardContext.java:5219) ~[tomcat-embed-core-9.0.58.jar:9.0.58]
	at org.apache.catalina.util.LifecycleBase.start(LifecycleBase.java:183) ~[tomcat-embed-core-9.0.58.jar:9.0.58]
	at org.apache.catalina.core.ContainerBase$StartChild.call(ContainerBase.java:1396) ~[tomcat-embed-core-9.0.58.jar:9.0.58]
	at org.apache.catalina.core.ContainerBase$StartChild.call(ContainerBase.java:1386) ~[tomcat-embed-core-9.0.58.jar:9.0.58]
	at java.util.concurrent.FutureTask.run(FutureTask.java:264) ~[?:?]
	at org.apache.tomcat.util.threads.InlineExecutorService.execute(InlineExecutorService.java:75) ~[tomcat-embed-core-9.0.58.jar:9.0.58]
	at java.util.concurrent.AbstractExecutorService.submit(AbstractExecutorService.java:140) ~[?:?]
	at org.apache.catalina.core.ContainerBase.startInternal(ContainerBase.java:919) ~[tomcat-embed-core-9.0.58.jar:9.0.58]
	at org.apache.catalina.core.StandardHost.startInternal(StandardHost.java:835) ~[tomcat-embed-core-9.0.58.jar:9.0.58]
	at org.apache.catalina.util.LifecycleBase.start(LifecycleBase.java:183) ~[tomcat-embed-core-9.0.58.jar:9.0.58]
	at org.apache.catalina.core.ContainerBase$StartChild.call(ContainerBase.java:1396) ~[tomcat-embed-core-9.0.58.jar:9.0.58]
	at org.apache.catalina.core.ContainerBase$StartChild.call(ContainerBase.java:1386) ~[tomcat-embed-core-9.0.58.jar:9.0.58]
	at java.util.concurrent.FutureTask.run(FutureTask.java:264) ~[?:?]
	at org.apache.tomcat.util.threads.InlineExecutorService.execute(InlineExecutorService.java:75) ~[tomcat-embed-core-9.0.58.jar:9.0.58]
	at java.util.concurrent.AbstractExecutorService.submit(AbstractExecutorService.java:140) ~[?:?]
	at org.apache.catalina.core.ContainerBase.startInternal(ContainerBase.java:919) ~[tomcat-embed-core-9.0.58.jar:9.0.58]
	at org.apache.catalina.core.StandardEngine.startInternal(StandardEngine.java:263) ~[tomcat-embed-core-9.0.58.jar:9.0.58]
	at org.apache.catalina.util.LifecycleBase.start(LifecycleBase.java:183) ~[tomcat-embed-core-9.0.58.jar:9.0.58]
	at org.apache.catalina.core.StandardService.startInternal(StandardService.java:432) ~[tomcat-embed-core-9.0.58.jar:9.0.58]
	at org.apache.catalina.util.LifecycleBase.start(LifecycleBase.java:183) ~[tomcat-embed-core-9.0.58.jar:9.0.58]
	at org.apache.catalina.core.StandardServer.startInternal(StandardServer.java:927) ~[tomcat-embed-core-9.0.58.jar:9.0.58]
	at org.apache.catalina.util.LifecycleBase.start(LifecycleBase.java:183) ~[tomcat-embed-core-9.0.58.jar:9.0.58]
	at org.apache.catalina.startup.Tomcat.start(Tomcat.java:486) ~[tomcat-embed-core-9.0.58.jar:9.0.58]
	at org.springframework.boot.web.embedded.tomcat.TomcatWebServer.initialize(TomcatWebServer.java:123) ~[spring-boot-2.5.10.jar:2.5.10]
	at org.springframework.boot.web.embedded.tomcat.TomcatWebServer.<init>(TomcatWebServer.java:104) ~[spring-boot-2.5.10.jar:2.5.10]
	at org.springframework.boot.web.embedded.tomcat.TomcatServletWebServerFactory.getTomcatWebServer(TomcatServletWebServerFactory.java:455) ~[spring-boot-2.5.10.jar:2.5.10]
	at org.springframework.boot.web.embedded.tomcat.TomcatServletWebServerFactory.getWebServer(TomcatServletWebServerFactory.java:204) ~[spring-boot-2.5.10.jar:2.5.10]
	at org.springframework.boot.web.servlet.context.ServletWebServerApplicationContext.createWebServer(ServletWebServerApplicationContext.java:182) ~[spring-boot-2.5.10.jar:2.5.10]
	at org.springframework.boot.web.servlet.context.ServletWebServerApplicationContext.onRefresh(ServletWebServerApplicationContext.java:160) ~[spring-boot-2.5.10.jar:2.5.10]
	... 8 more
Caused by: org.springframework.beans.factory.BeanCreationException: Error creating bean with name 'jwtHelper' defined in file [C:\Users\trunghau\OneDrive\Desktop\gira\Gira-project\target\classes\gira\com\example\Giraproject\security\jwt\JwtHelper.class]: Instantiation of bean failed; nested exception is org.springframework.beans.BeanInstantiationException: Failed to instantiate [gira.com.example.Giraproject.security.jwt.JwtHelper]: Constructor threw exception; nested exception is java.lang.NullPointerException
	at org.springframework.beans.factory.support.AbstractAutowireCapableBeanFactory.instantiateBean(AbstractAutowireCapableBeanFactory.java:1334) ~[spring-beans-5.3.16.jar:5.3.16]
	at org.springframework.beans.factory.support.AbstractAutowireCapableBeanFactory.createBeanInstance(AbstractAutowireCapableBeanFactory.java:1232) ~[spring-beans-5.3.16.jar:5.3.16]
	at org.springframework.beans.factory.support.AbstractAutowireCapableBeanFactory.doCreateBean(AbstractAutowireCapableBeanFactory.java:582) ~[spring-beans-5.3.16.jar:5.3.16]
	at org.springframework.beans.factory.support.AbstractAutowireCapableBeanFactory.createBean(AbstractAutowireCapableBeanFactory.java:542) ~[spring-beans-5.3.16.jar:5.3.16]
	at org.springframework.beans.factory.support.AbstractBeanFactory.lambda$doGetBean$0(AbstractBeanFactory.java:335) ~[spring-beans-5.3.16.jar:5.3.16]
	at org.springframework.beans.factory.support.DefaultSingletonBeanRegistry.getSingleton(DefaultSingletonBeanRegistry.java:234) ~[spring-beans-5.3.16.jar:5.3.16]
	at org.springframework.beans.factory.support.AbstractBeanFactory.doGetBean(AbstractBeanFactory.java:333) ~[spring-beans-5.3.16.jar:5.3.16]
	at org.springframework.beans.factory.support.AbstractBeanFactory.getBean(AbstractBeanFactory.java:208) ~[spring-beans-5.3.16.jar:5.3.16]
	at org.springframework.beans.factory.config.DependencyDescriptor.resolveCandidate(DependencyDescriptor.java:276) ~[spring-beans-5.3.16.jar:5.3.16]
	at org.springframework.beans.factory.support.DefaultListableBeanFactory.doResolveDependency(DefaultListableBeanFactory.java:1389) ~[spring-beans-5.3.16.jar:5.3.16]
	at org.springframework.beans.factory.support.DefaultListableBeanFactory.resolveDependency(DefaultListableBeanFactory.java:1309) ~[spring-beans-5.3.16.jar:5.3.16]
	at org.springframework.beans.factory.annotation.AutowiredAnnotationBeanPostProcessor$AutowiredFieldElement.resolveFieldValue(AutowiredAnnotationBeanPostProcessor.java:656) ~[spring-beans-5.3.16.jar:5.3.16]
	at org.springframework.beans.factory.annotation.AutowiredAnnotationBeanPostProcessor$AutowiredFieldElement.inject(AutowiredAnnotationBeanPostProcessor.java:639) ~[spring-beans-5.3.16.jar:5.3.16]
	at org.springframework.beans.factory.annotation.InjectionMetadata.inject(InjectionMetadata.java:119) ~[spring-beans-5.3.16.jar:5.3.16]
	at org.springframework.beans.factory.annotation.AutowiredAnnotationBeanPostProcessor.postProcessProperties(AutowiredAnnotationBeanPostProcessor.java:399) ~[spring-beans-5.3.16.jar:5.3.16]
	at org.springframework.beans.factory.support.AbstractAutowireCapableBeanFactory.populateBean(AbstractAutowireCapableBeanFactory.java:1431) ~[spring-beans-5.3.16.jar:5.3.16]
	at org.springframework.beans.factory.support.AbstractAutowireCapableBeanFactory.doCreateBean(AbstractAutowireCapableBeanFactory.java:619) ~[spring-beans-5.3.16.jar:5.3.16]
	at org.springframework.beans.factory.support.AbstractAutowireCapableBeanFactory.createBean(AbstractAutowireCapableBeanFactory.java:542) ~[spring-beans-5.3.16.jar:5.3.16]
	at org.springframework.beans.factory.support.AbstractBeanFactory.lambda$doGetBean$0(AbstractBeanFactory.java:335) ~[spring-beans-5.3.16.jar:5.3.16]
	at org.springframework.beans.factory.support.DefaultSingletonBeanRegistry.getSingleton(DefaultSingletonBeanRegistry.java:234) ~[spring-beans-5.3.16.jar:5.3.16]
	at org.springframework.beans.factory.support.AbstractBeanFactory.doGetBean(AbstractBeanFactory.java:333) ~[spring-beans-5.3.16.jar:5.3.16]
	at org.springframework.beans.factory.support.AbstractBeanFactory.getBean(AbstractBeanFactory.java:213) ~[spring-beans-5.3.16.jar:5.3.16]
	at org.springframework.boot.web.servlet.ServletContextInitializerBeans.getOrderedBeansOfType(ServletContextInitializerBeans.java:212) ~[spring-boot-2.5.10.jar:2.5.10]
	at org.springframework.boot.web.servlet.ServletContextInitializerBeans.addAsRegistrationBean(ServletContextInitializerBeans.java:175) ~[spring-boot-2.5.10.jar:2.5.10]
	at org.springframework.boot.web.servlet.ServletContextInitializerBeans.addAsRegistrationBean(ServletContextInitializerBeans.java:170) ~[spring-boot-2.5.10.jar:2.5.10]
	at org.springframework.boot.web.servlet.ServletContextInitializerBeans.addAdaptableBeans(ServletContextInitializerBeans.java:155) ~[spring-boot-2.5.10.jar:2.5.10]
	at org.springframework.boot.web.servlet.ServletContextInitializerBeans.<init>(ServletContextInitializerBeans.java:87) ~[spring-boot-2.5.10.jar:2.5.10]
	at org.springframework.boot.web.servlet.context.ServletWebServerApplicationContext.getServletContextInitializerBeans(ServletWebServerApplicationContext.java:260) ~[spring-boot-2.5.10.jar:2.5.10]
	at org.springframework.boot.web.servlet.context.ServletWebServerApplicationContext.selfInitialize(ServletWebServerApplicationContext.java:234) ~[spring-boot-2.5.10.jar:2.5.10]
	at org.springframework.boot.web.embedded.tomcat.TomcatStarter.onStartup(TomcatStarter.java:53) ~[spring-boot-2.5.10.jar:2.5.10]
	at org.apache.catalina.core.StandardContext.startInternal(StandardContext.java:5219) ~[tomcat-embed-core-9.0.58.jar:9.0.58]
	at org.apache.catalina.util.LifecycleBase.start(LifecycleBase.java:183) ~[tomcat-embed-core-9.0.58.jar:9.0.58]
	at org.apache.catalina.core.ContainerBase$StartChild.call(ContainerBase.java:1396) ~[tomcat-embed-core-9.0.58.jar:9.0.58]
	at org.apache.catalina.core.ContainerBase$StartChild.call(ContainerBase.java:1386) ~[tomcat-embed-core-9.0.58.jar:9.0.58]
	at java.util.concurrent.FutureTask.run(FutureTask.java:264) ~[?:?]
	at org.apache.tomcat.util.threads.InlineExecutorService.execute(InlineExecutorService.java:75) ~[tomcat-embed-core-9.0.58.jar:9.0.58]
	at java.util.concurrent.AbstractExecutorService.submit(AbstractExecutorService.java:140) ~[?:?]
	at org.apache.catalina.core.ContainerBase.startInternal(ContainerBase.java:919) ~[tomcat-embed-core-9.0.58.jar:9.0.58]
	at org.apache.catalina.core.StandardHost.startInternal(StandardHost.java:835) ~[tomcat-embed-core-9.0.58.jar:9.0.58]
	at org.apache.catalina.util.LifecycleBase.start(LifecycleBase.java:183) ~[tomcat-embed-core-9.0.58.jar:9.0.58]
	at org.apache.catalina.core.ContainerBase$StartChild.call(ContainerBase.java:1396) ~[tomcat-embed-core-9.0.58.jar:9.0.58]
	at org.apache.catalina.core.ContainerBase$StartChild.call(ContainerBase.java:1386) ~[tomcat-embed-core-9.0.58.jar:9.0.58]
	at java.util.concurrent.FutureTask.run(FutureTask.java:264) ~[?:?]
	at org.apache.tomcat.util.threads.InlineExecutorService.execute(InlineExecutorService.java:75) ~[tomcat-embed-core-9.0.58.jar:9.0.58]
	at java.util.concurrent.AbstractExecutorService.submit(AbstractExecutorService.java:140) ~[?:?]
	at org.apache.catalina.core.ContainerBase.startInternal(ContainerBase.java:919) ~[tomcat-embed-core-9.0.58.jar:9.0.58]
	at org.apache.catalina.core.StandardEngine.startInternal(StandardEngine.java:263) ~[tomcat-embed-core-9.0.58.jar:9.0.58]
	at org.apache.catalina.util.LifecycleBase.start(LifecycleBase.java:183) ~[tomcat-embed-core-9.0.58.jar:9.0.58]
	at org.apache.catalina.core.StandardService.startInternal(StandardService.java:432) ~[tomcat-embed-core-9.0.58.jar:9.0.58]
	at org.apache.catalina.util.LifecycleBase.start(LifecycleBase.java:183) ~[tomcat-embed-core-9.0.58.jar:9.0.58]
	at org.apache.catalina.core.StandardServer.startInternal(StandardServer.java:927) ~[tomcat-embed-core-9.0.58.jar:9.0.58]
	at org.apache.catalina.util.LifecycleBase.start(LifecycleBase.java:183) ~[tomcat-embed-core-9.0.58.jar:9.0.58]
	at org.apache.catalina.startup.Tomcat.start(Tomcat.java:486) ~[tomcat-embed-core-9.0.58.jar:9.0.58]
	at org.springframework.boot.web.embedded.tomcat.TomcatWebServer.initialize(TomcatWebServer.java:123) ~[spring-boot-2.5.10.jar:2.5.10]
	at org.springframework.boot.web.embedded.tomcat.TomcatWebServer.<init>(TomcatWebServer.java:104) ~[spring-boot-2.5.10.jar:2.5.10]
	at org.springframework.boot.web.embedded.tomcat.TomcatServletWebServerFactory.getTomcatWebServer(TomcatServletWebServerFactory.java:455) ~[spring-boot-2.5.10.jar:2.5.10]
	at org.springframework.boot.web.embedded.tomcat.TomcatServletWebServerFactory.getWebServer(TomcatServletWebServerFactory.java:204) ~[spring-boot-2.5.10.jar:2.5.10]
	at org.springframework.boot.web.servlet.context.ServletWebServerApplicationContext.createWebServer(ServletWebServerApplicationContext.java:182) ~[spring-boot-2.5.10.jar:2.5.10]
	at org.springframework.boot.web.servlet.context.ServletWebServerApplicationContext.onRefresh(ServletWebServerApplicationContext.java:160) ~[spring-boot-2.5.10.jar:2.5.10]
	... 8 more
Caused by: org.springframework.beans.BeanInstantiationException: Failed to instantiate [gira.com.example.Giraproject.security.jwt.JwtHelper]: Constructor threw exception; nested exception is java.lang.NullPointerException
	at org.springframework.beans.BeanUtils.instantiateClass(BeanUtils.java:224) ~[spring-beans-5.3.16.jar:5.3.16]
	at org.springframework.beans.factory.support.SimpleInstantiationStrategy.instantiate(SimpleInstantiationStrategy.java:87) ~[spring-beans-5.3.16.jar:5.3.16]
	at org.springframework.beans.factory.support.AbstractAutowireCapableBeanFactory.instantiateBean(AbstractAutowireCapableBeanFactory.java:1326) ~[spring-beans-5.3.16.jar:5.3.16]
	at org.springframework.beans.factory.support.AbstractAutowireCapableBeanFactory.createBeanInstance(AbstractAutowireCapableBeanFactory.java:1232) ~[spring-beans-5.3.16.jar:5.3.16]
	at org.springframework.beans.factory.support.AbstractAutowireCapableBeanFactory.doCreateBean(AbstractAutowireCapableBeanFactory.java:582) ~[spring-beans-5.3.16.jar:5.3.16]
	at org.springframework.beans.factory.support.AbstractAutowireCapableBeanFactory.createBean(AbstractAutowireCapableBeanFactory.java:542) ~[spring-beans-5.3.16.jar:5.3.16]
	at org.springframework.beans.factory.support.AbstractBeanFactory.lambda$doGetBean$0(AbstractBeanFactory.java:335) ~[spring-beans-5.3.16.jar:5.3.16]
	at org.springframework.beans.factory.support.DefaultSingletonBeanRegistry.getSingleton(DefaultSingletonBeanRegistry.java:234) ~[spring-beans-5.3.16.jar:5.3.16]
	at org.springframework.beans.factory.support.AbstractBeanFactory.doGetBean(AbstractBeanFactory.java:333) ~[spring-beans-5.3.16.jar:5.3.16]
	at org.springframework.beans.factory.support.AbstractBeanFactory.getBean(AbstractBeanFactory.java:208) ~[spring-beans-5.3.16.jar:5.3.16]
	at org.springframework.beans.factory.config.DependencyDescriptor.resolveCandidate(DependencyDescriptor.java:276) ~[spring-beans-5.3.16.jar:5.3.16]
	at org.springframework.beans.factory.support.DefaultListableBeanFactory.doResolveDependency(DefaultListableBeanFactory.java:1389) ~[spring-beans-5.3.16.jar:5.3.16]
	at org.springframework.beans.factory.support.DefaultListableBeanFactory.resolveDependency(DefaultListableBeanFactory.java:1309) ~[spring-beans-5.3.16.jar:5.3.16]
	at org.springframework.beans.factory.annotation.AutowiredAnnotationBeanPostProcessor$AutowiredFieldElement.resolveFieldValue(AutowiredAnnotationBeanPostProcessor.java:656) ~[spring-beans-5.3.16.jar:5.3.16]
	at org.springframework.beans.factory.annotation.AutowiredAnnotationBeanPostProcessor$AutowiredFieldElement.inject(AutowiredAnnotationBeanPostProcessor.java:639) ~[spring-beans-5.3.16.jar:5.3.16]
	at org.springframework.beans.factory.annotation.InjectionMetadata.inject(InjectionMetadata.java:119) ~[spring-beans-5.3.16.jar:5.3.16]
	at org.springframework.beans.factory.annotation.AutowiredAnnotationBeanPostProcessor.postProcessProperties(AutowiredAnnotationBeanPostProcessor.java:399) ~[spring-beans-5.3.16.jar:5.3.16]
	at org.springframework.beans.factory.support.AbstractAutowireCapableBeanFactory.populateBean(AbstractAutowireCapableBeanFactory.java:1431) ~[spring-beans-5.3.16.jar:5.3.16]
	at org.springframework.beans.factory.support.AbstractAutowireCapableBeanFactory.doCreateBean(AbstractAutowireCapableBeanFactory.java:619) ~[spring-beans-5.3.16.jar:5.3.16]
	at org.springframework.beans.factory.support.AbstractAutowireCapableBeanFactory.createBean(AbstractAutowireCapableBeanFactory.java:542) ~[spring-beans-5.3.16.jar:5.3.16]
	at org.springframework.beans.factory.support.AbstractBeanFactory.lambda$doGetBean$0(AbstractBeanFactory.java:335) ~[spring-beans-5.3.16.jar:5.3.16]
	at org.springframework.beans.factory.support.DefaultSingletonBeanRegistry.getSingleton(DefaultSingletonBeanRegistry.java:234) ~[spring-beans-5.3.16.jar:5.3.16]
	at org.springframework.beans.factory.support.AbstractBeanFactory.doGetBean(AbstractBeanFactory.java:333) ~[spring-beans-5.3.16.jar:5.3.16]
	at org.springframework.beans.factory.support.AbstractBeanFactory.getBean(AbstractBeanFactory.java:213) ~[spring-beans-5.3.16.jar:5.3.16]
	at org.springframework.boot.web.servlet.ServletContextInitializerBeans.getOrderedBeansOfType(ServletContextInitializerBeans.java:212) ~[spring-boot-2.5.10.jar:2.5.10]
	at org.springframework.boot.web.servlet.ServletContextInitializerBeans.addAsRegistrationBean(ServletContextInitializerBeans.java:175) ~[spring-boot-2.5.10.jar:2.5.10]
	at org.springframework.boot.web.servlet.ServletContextInitializerBeans.addAsRegistrationBean(ServletContextInitializerBeans.java:170) ~[spring-boot-2.5.10.jar:2.5.10]
	at org.springframework.boot.web.servlet.ServletContextInitializerBeans.addAdaptableBeans(ServletContextInitializerBeans.java:155) ~[spring-boot-2.5.10.jar:2.5.10]
	at org.springframework.boot.web.servlet.ServletContextInitializerBeans.<init>(ServletContextInitializerBeans.java:87) ~[spring-boot-2.5.10.jar:2.5.10]
	at org.springframework.boot.web.servlet.context.ServletWebServerApplicationContext.getServletContextInitializerBeans(ServletWebServerApplicationContext.java:260) ~[spring-boot-2.5.10.jar:2.5.10]
	at org.springframework.boot.web.servlet.context.ServletWebServerApplicationContext.selfInitialize(ServletWebServerApplicationContext.java:234) ~[spring-boot-2.5.10.jar:2.5.10]
	at org.springframework.boot.web.embedded.tomcat.TomcatStarter.onStartup(TomcatStarter.java:53) ~[spring-boot-2.5.10.jar:2.5.10]
	at org.apache.catalina.core.StandardContext.startInternal(StandardContext.java:5219) ~[tomcat-embed-core-9.0.58.jar:9.0.58]
	at org.apache.catalina.util.LifecycleBase.start(LifecycleBase.java:183) ~[tomcat-embed-core-9.0.58.jar:9.0.58]
	at org.apache.catalina.core.ContainerBase$StartChild.call(ContainerBase.java:1396) ~[tomcat-embed-core-9.0.58.jar:9.0.58]
	at org.apache.catalina.core.ContainerBase$StartChild.call(ContainerBase.java:1386) ~[tomcat-embed-core-9.0.58.jar:9.0.58]
	at java.util.concurrent.FutureTask.run(FutureTask.java:264) ~[?:?]
	at org.apache.tomcat.util.threads.InlineExecutorService.execute(InlineExecutorService.java:75) ~[tomcat-embed-core-9.0.58.jar:9.0.58]
	at java.util.concurrent.AbstractExecutorService.submit(AbstractExecutorService.java:140) ~[?:?]
	at org.apache.catalina.core.ContainerBase.startInternal(ContainerBase.java:919) ~[tomcat-embed-core-9.0.58.jar:9.0.58]
	at org.apache.catalina.core.StandardHost.startInternal(StandardHost.java:835) ~[tomcat-embed-core-9.0.58.jar:9.0.58]
	at org.apache.catalina.util.LifecycleBase.start(LifecycleBase.java:183) ~[tomcat-embed-core-9.0.58.jar:9.0.58]
	at org.apache.catalina.core.ContainerBase$StartChild.call(ContainerBase.java:1396) ~[tomcat-embed-core-9.0.58.jar:9.0.58]
	at org.apache.catalina.core.ContainerBase$StartChild.call(ContainerBase.java:1386) ~[tomcat-embed-core-9.0.58.jar:9.0.58]
	at java.util.concurrent.FutureTask.run(FutureTask.java:264) ~[?:?]
	at org.apache.tomcat.util.threads.InlineExecutorService.execute(InlineExecutorService.java:75) ~[tomcat-embed-core-9.0.58.jar:9.0.58]
	at java.util.concurrent.AbstractExecutorService.submit(AbstractExecutorService.java:140) ~[?:?]
	at org.apache.catalina.core.ContainerBase.startInternal(ContainerBase.java:919) ~[tomcat-embed-core-9.0.58.jar:9.0.58]
	at org.apache.catalina.core.StandardEngine.startInternal(StandardEngine.java:263) ~[tomcat-embed-core-9.0.58.jar:9.0.58]
	at org.apache.catalina.util.LifecycleBase.start(LifecycleBase.java:183) ~[tomcat-embed-core-9.0.58.jar:9.0.58]
	at org.apache.catalina.core.StandardService.startInternal(StandardService.java:432) ~[tomcat-embed-core-9.0.58.jar:9.0.58]
	at org.apache.catalina.util.LifecycleBase.start(LifecycleBase.java:183) ~[tomcat-embed-core-9.0.58.jar:9.0.58]
	at org.apache.catalina.core.StandardServer.startInternal(StandardServer.java:927) ~[tomcat-embed-core-9.0.58.jar:9.0.58]
	at org.apache.catalina.util.LifecycleBase.start(LifecycleBase.java:183) ~[tomcat-embed-core-9.0.58.jar:9.0.58]
	at org.apache.catalina.startup.Tomcat.start(Tomcat.java:486) ~[tomcat-embed-core-9.0.58.jar:9.0.58]
	at org.springframework.boot.web.embedded.tomcat.TomcatWebServer.initialize(TomcatWebServer.java:123) ~[spring-boot-2.5.10.jar:2.5.10]
	at org.springframework.boot.web.embedded.tomcat.TomcatWebServer.<init>(TomcatWebServer.java:104) ~[spring-boot-2.5.10.jar:2.5.10]
	at org.springframework.boot.web.embedded.tomcat.TomcatServletWebServerFactory.getTomcatWebServer(TomcatServletWebServerFactory.java:455) ~[spring-boot-2.5.10.jar:2.5.10]
	at org.springframework.boot.web.embedded.tomcat.TomcatServletWebServerFactory.getWebServer(TomcatServletWebServerFactory.java:204) ~[spring-boot-2.5.10.jar:2.5.10]
	at org.springframework.boot.web.servlet.context.ServletWebServerApplicationContext.createWebServer(ServletWebServerApplicationContext.java:182) ~[spring-boot-2.5.10.jar:2.5.10]
	at org.springframework.boot.web.servlet.context.ServletWebServerApplicationContext.onRefresh(ServletWebServerApplicationContext.java:160) ~[spring-boot-2.5.10.jar:2.5.10]
	... 8 more
Caused by: java.lang.NullPointerException
	at gira.com.example.Giraproject.security.jwt.JwtHelper.<init>(JwtHelper.java:32) ~[classes/:?]
	at jdk.internal.reflect.NativeConstructorAccessorImpl.newInstance0(Native Method) ~[?:?]
	at jdk.internal.reflect.NativeConstructorAccessorImpl.newInstance(NativeConstructorAccessorImpl.java:62) ~[?:?]
	at jdk.internal.reflect.DelegatingConstructorAccessorImpl.newInstance(DelegatingConstructorAccessorImpl.java:45) ~[?:?]
	at java.lang.reflect.Constructor.newInstance(Constructor.java:490) ~[?:?]
	at org.springframework.beans.BeanUtils.instantiateClass(BeanUtils.java:211) ~[spring-beans-5.3.16.jar:5.3.16]
	at org.springframework.beans.factory.support.SimpleInstantiationStrategy.instantiate(SimpleInstantiationStrategy.java:87) ~[spring-beans-5.3.16.jar:5.3.16]
	at org.springframework.beans.factory.support.AbstractAutowireCapableBeanFactory.instantiateBean(AbstractAutowireCapableBeanFactory.java:1326) ~[spring-beans-5.3.16.jar:5.3.16]
	at org.springframework.beans.factory.support.AbstractAutowireCapableBeanFactory.createBeanInstance(AbstractAutowireCapableBeanFactory.java:1232) ~[spring-beans-5.3.16.jar:5.3.16]
	at org.springframework.beans.factory.support.AbstractAutowireCapableBeanFactory.doCreateBean(AbstractAutowireCapableBeanFactory.java:582) ~[spring-beans-5.3.16.jar:5.3.16]
	at org.springframework.beans.factory.support.AbstractAutowireCapableBeanFactory.createBean(AbstractAutowireCapableBeanFactory.java:542) ~[spring-beans-5.3.16.jar:5.3.16]
	at org.springframework.beans.factory.support.AbstractBeanFactory.lambda$doGetBean$0(AbstractBeanFactory.java:335) ~[spring-beans-5.3.16.jar:5.3.16]
	at org.springframework.beans.factory.support.DefaultSingletonBeanRegistry.getSingleton(DefaultSingletonBeanRegistry.java:234) ~[spring-beans-5.3.16.jar:5.3.16]
	at org.springframework.beans.factory.support.AbstractBeanFactory.doGetBean(AbstractBeanFactory.java:333) ~[spring-beans-5.3.16.jar:5.3.16]
	at org.springframework.beans.factory.support.AbstractBeanFactory.getBean(AbstractBeanFactory.java:208) ~[spring-beans-5.3.16.jar:5.3.16]
	at org.springframework.beans.factory.config.DependencyDescriptor.resolveCandidate(DependencyDescriptor.java:276) ~[spring-beans-5.3.16.jar:5.3.16]
	at org.springframework.beans.factory.support.DefaultListableBeanFactory.doResolveDependency(DefaultListableBeanFactory.java:1389) ~[spring-beans-5.3.16.jar:5.3.16]
	at org.springframework.beans.factory.support.DefaultListableBeanFactory.resolveDependency(DefaultListableBeanFactory.java:1309) ~[spring-beans-5.3.16.jar:5.3.16]
	at org.springframework.beans.factory.annotation.AutowiredAnnotationBeanPostProcessor$AutowiredFieldElement.resolveFieldValue(AutowiredAnnotationBeanPostProcessor.java:656) ~[spring-beans-5.3.16.jar:5.3.16]
	at org.springframework.beans.factory.annotation.AutowiredAnnotationBeanPostProcessor$AutowiredFieldElement.inject(AutowiredAnnotationBeanPostProcessor.java:639) ~[spring-beans-5.3.16.jar:5.3.16]
	at org.springframework.beans.factory.annotation.InjectionMetadata.inject(InjectionMetadata.java:119) ~[spring-beans-5.3.16.jar:5.3.16]
	at org.springframework.beans.factory.annotation.AutowiredAnnotationBeanPostProcessor.postProcessProperties(AutowiredAnnotationBeanPostProcessor.java:399) ~[spring-beans-5.3.16.jar:5.3.16]
	at org.springframework.beans.factory.support.AbstractAutowireCapableBeanFactory.populateBean(AbstractAutowireCapableBeanFactory.java:1431) ~[spring-beans-5.3.16.jar:5.3.16]
	at org.springframework.beans.factory.support.AbstractAutowireCapableBeanFactory.doCreateBean(AbstractAutowireCapableBeanFactory.java:619) ~[spring-beans-5.3.16.jar:5.3.16]
	at org.springframework.beans.factory.support.AbstractAutowireCapableBeanFactory.createBean(AbstractAutowireCapableBeanFactory.java:542) ~[spring-beans-5.3.16.jar:5.3.16]
	at org.springframework.beans.factory.support.AbstractBeanFactory.lambda$doGetBean$0(AbstractBeanFactory.java:335) ~[spring-beans-5.3.16.jar:5.3.16]
	at org.springframework.beans.factory.support.DefaultSingletonBeanRegistry.getSingleton(DefaultSingletonBeanRegistry.java:234) ~[spring-beans-5.3.16.jar:5.3.16]
	at org.springframework.beans.factory.support.AbstractBeanFactory.doGetBean(AbstractBeanFactory.java:333) ~[spring-beans-5.3.16.jar:5.3.16]
	at org.springframework.beans.factory.support.AbstractBeanFactory.getBean(AbstractBeanFactory.java:213) ~[spring-beans-5.3.16.jar:5.3.16]
	at org.springframework.boot.web.servlet.ServletContextInitializerBeans.getOrderedBeansOfType(ServletContextInitializerBeans.java:212) ~[spring-boot-2.5.10.jar:2.5.10]
	at org.springframework.boot.web.servlet.ServletContextInitializerBeans.addAsRegistrationBean(ServletContextInitializerBeans.java:175) ~[spring-boot-2.5.10.jar:2.5.10]
	at org.springframework.boot.web.servlet.ServletContextInitializerBeans.addAsRegistrationBean(ServletContextInitializerBeans.java:170) ~[spring-boot-2.5.10.jar:2.5.10]
	at org.springframework.boot.web.servlet.ServletContextInitializerBeans.addAdaptableBeans(ServletContextInitializerBeans.java:155) ~[spring-boot-2.5.10.jar:2.5.10]
	at org.springframework.boot.web.servlet.ServletContextInitializerBeans.<init>(ServletContextInitializerBeans.java:87) ~[spring-boot-2.5.10.jar:2.5.10]
	at org.springframework.boot.web.servlet.context.ServletWebServerApplicationContext.getServletContextInitializerBeans(ServletWebServerApplicationContext.java:260) ~[spring-boot-2.5.10.jar:2.5.10]
	at org.springframework.boot.web.servlet.context.ServletWebServerApplicationContext.selfInitialize(ServletWebServerApplicationContext.java:234) ~[spring-boot-2.5.10.jar:2.5.10]
	at org.springframework.boot.web.embedded.tomcat.TomcatStarter.onStartup(TomcatStarter.java:53) ~[spring-boot-2.5.10.jar:2.5.10]
	at org.apache.catalina.core.StandardContext.startInternal(StandardContext.java:5219) ~[tomcat-embed-core-9.0.58.jar:9.0.58]
	at org.apache.catalina.util.LifecycleBase.start(LifecycleBase.java:183) ~[tomcat-embed-core-9.0.58.jar:9.0.58]
	at org.apache.catalina.core.ContainerBase$StartChild.call(ContainerBase.java:1396) ~[tomcat-embed-core-9.0.58.jar:9.0.58]
	at org.apache.catalina.core.ContainerBase$StartChild.call(ContainerBase.java:1386) ~[tomcat-embed-core-9.0.58.jar:9.0.58]
	at java.util.concurrent.FutureTask.run(FutureTask.java:264) ~[?:?]
	at org.apache.tomcat.util.threads.InlineExecutorService.execute(InlineExecutorService.java:75) ~[tomcat-embed-core-9.0.58.jar:9.0.58]
	at java.util.concurrent.AbstractExecutorService.submit(AbstractExecutorService.java:140) ~[?:?]
	at org.apache.catalina.core.ContainerBase.startInternal(ContainerBase.java:919) ~[tomcat-embed-core-9.0.58.jar:9.0.58]
	at org.apache.catalina.core.StandardHost.startInternal(StandardHost.java:835) ~[tomcat-embed-core-9.0.58.jar:9.0.58]
	at org.apache.catalina.util.LifecycleBase.start(LifecycleBase.java:183) ~[tomcat-embed-core-9.0.58.jar:9.0.58]
	at org.apache.catalina.core.ContainerBase$StartChild.call(ContainerBase.java:1396) ~[tomcat-embed-core-9.0.58.jar:9.0.58]
	at org.apache.catalina.core.ContainerBase$StartChild.call(ContainerBase.java:1386) ~[tomcat-embed-core-9.0.58.jar:9.0.58]
	at java.util.concurrent.FutureTask.run(FutureTask.java:264) ~[?:?]
	at org.apache.tomcat.util.threads.InlineExecutorService.execute(InlineExecutorService.java:75) ~[tomcat-embed-core-9.0.58.jar:9.0.58]
	at java.util.concurrent.AbstractExecutorService.submit(AbstractExecutorService.java:140) ~[?:?]
	at org.apache.catalina.core.ContainerBase.startInternal(ContainerBase.java:919) ~[tomcat-embed-core-9.0.58.jar:9.0.58]
	at org.apache.catalina.core.StandardEngine.startInternal(StandardEngine.java:263) ~[tomcat-embed-core-9.0.58.jar:9.0.58]
	at org.apache.catalina.util.LifecycleBase.start(LifecycleBase.java:183) ~[tomcat-embed-core-9.0.58.jar:9.0.58]
	at org.apache.catalina.core.StandardService.startInternal(StandardService.java:432) ~[tomcat-embed-core-9.0.58.jar:9.0.58]
	at org.apache.catalina.util.LifecycleBase.start(LifecycleBase.java:183) ~[tomcat-embed-core-9.0.58.jar:9.0.58]
	at org.apache.catalina.core.StandardServer.startInternal(StandardServer.java:927) ~[tomcat-embed-core-9.0.58.jar:9.0.58]
	at org.apache.catalina.util.LifecycleBase.start(LifecycleBase.java:183) ~[tomcat-embed-core-9.0.58.jar:9.0.58]
	at org.apache.catalina.startup.Tomcat.start(Tomcat.java:486) ~[tomcat-embed-core-9.0.58.jar:9.0.58]
	at org.springframework.boot.web.embedded.tomcat.TomcatWebServer.initialize(TomcatWebServer.java:123) ~[spring-boot-2.5.10.jar:2.5.10]
	at org.springframework.boot.web.embedded.tomcat.TomcatWebServer.<init>(TomcatWebServer.java:104) ~[spring-boot-2.5.10.jar:2.5.10]
	at org.springframework.boot.web.embedded.tomcat.TomcatServletWebServerFactory.getTomcatWebServer(TomcatServletWebServerFactory.java:455) ~[spring-boot-2.5.10.jar:2.5.10]
	at org.springframework.boot.web.embedded.tomcat.TomcatServletWebServerFactory.getWebServer(TomcatServletWebServerFactory.java:204) ~[spring-boot-2.5.10.jar:2.5.10]
	at org.springframework.boot.web.servlet.context.ServletWebServerApplicationContext.createWebServer(ServletWebServerApplicationContext.java:182) ~[spring-boot-2.5.10.jar:2.5.10]
	at org.springframework.boot.web.servlet.context.ServletWebServerApplicationContext.onRefresh(ServletWebServerApplicationContext.java:160) ~[spring-boot-2.5.10.jar:2.5.10]
	... 8 more
